# JRE version: Java(TM) SE Runtime Environment (8.0_91-b14) (build 1.8.0_91-b14)
# Java VM: Java HotSpot(TM) 64-Bit Server VM (25.91-b14 mixed mode linux-amd64 compressed oops)
Heap:
 PSYoungGen      total 188928K, used 23033K [0x00000000ec000000, 0x00000000f9d80000, 0x0000000100000000)
  eden space 165888K, 0% used [0x00000000ec000000,0x00000000ec000000,0x00000000f6200000)
  from space 23040K, 99% used [0x00000000f6200000,0x00000000f787e488,0x00000000f7880000)
  to   space 16896K, 0% used [0x00000000f7880000,0x00000000f7880000,0x00000000f8900000)
 ParOldGen       total 75776K, used 44888K [0x00000000c4000000, 0x00000000c8a00000, 0x00000000ec000000)
  object space 75776K, 59% used [0x00000000c4000000,0x00000000c6bd6388,0x00000000c8a00000)
 Metaspace       used 28441K, capacity 29040K, committed 29184K, reserved 1075200K
  class space    used 3355K, capacity 3522K, committed 3584K, reserved 1048576K
GC Heap History (10 events):
Event: 20.253 GC heap after
Heap after GC invocations=8 (full 0):
 PSYoungGen      total 132608K, used 9740K [0x00000000ec000000, 0x00000000f4f00000, 0x0000000100000000)
  eden space 121856K, 0% used [0x00000000ec000000,0x00000000ec000000,0x00000000f3700000)
  from space 10752K, 90% used [0x00000000f4280000,0x00000000f4c032c8,0x00000000f4d00000)
  to   space 11776K, 0% used [0x00000000f3700000,0x00000000f3700000,0x00000000f4280000)
 ParOldGen       total 40960K, used 14078K [0x00000000c4000000, 0x00000000c6800000, 0x00000000ec000000)
  object space 40960K, 34% used [0x00000000c4000000,0x00000000c4dbfb40,0x00000000c6800000)
 Metaspace       used 20753K, capacity 21134K, committed 21296K, reserved 1069056K
  class space    used 2490K, capacity 2615K, committed 2688K, reserved 1048576K
}
Event: 20.253 GC heap before
{Heap before GC invocations=9 (full 1):
 PSYoungGen      total 132608K, used 9740K [0x00000000ec000000, 0x00000000f4f00000, 0x0000000100000000)
  eden space 121856K, 0% used [0x00000000ec000000,0x00000000ec000000,0x00000000f3700000)
  from space 10752K, 90% used [0x00000000f4280000,0x00000000f4c032c8,0x00000000f4d00000)
  to   space 11776K, 0% used [0x00000000f3700000,0x00000000f3700000,0x00000000f4280000)
 ParOldGen       total 40960K, used 14078K [0x00000000c4000000, 0x00000000c6800000, 0x00000000ec000000)
  object space 40960K, 34% used [0x00000000c4000000,0x00000000c4dbfb40,0x00000000c6800000)
 Metaspace       used 20753K, capacity 21134K, committed 21296K, reserved 1069056K
  class space    used 2490K, capacity 2615K, committed 2688K, reserved 1048576K
Event: 20.500 GC heap after
Heap after GC invocations=9 (full 1):
 PSYoungGen      total 132608K, used 0K [0x00000000ec000000, 0x00000000f4f00000, 0x0000000100000000)
  eden space 121856K, 0% used [0x00000000ec000000,0x00000000ec000000,0x00000000f3700000)
  from space 10752K, 0% used [0x00000000f4280000,0x00000000f4280000,0x00000000f4d00000)
  to   space 11776K, 0% used [0x00000000f3700000,0x00000000f3700000,0x00000000f4280000)
 ParOldGen       total 42496K, used 15963K [0x00000000c4000000, 0x00000000c6980000, 0x00000000ec000000)
  object space 42496K, 37% used [0x00000000c4000000,0x00000000c4f96cb0,0x00000000c6980000)
 Metaspace       used 20753K, capacity 21134K, committed 21296K, reserved 1069056K
  class space    used 2490K, capacity 2615K, committed 2688K, reserved 1048576K
}
Event: 30.972 GC heap before
{Heap before GC invocations=10 (full 1):
 PSYoungGen      total 132608K, used 121856K [0x00000000ec000000, 0x00000000f4f00000, 0x0000000100000000)
  eden space 121856K, 100% used [0x00000000ec000000,0x00000000f3700000,0x00000000f3700000)
  from space 10752K, 0% used [0x00000000f4280000,0x00000000f4280000,0x00000000f4d00000)
  to   space 11776K, 0% used [0x00000000f3700000,0x00000000f3700000,0x00000000f4280000)
 ParOldGen       total 42496K, used 15963K [0x00000000c4000000, 0x00000000c6980000, 0x00000000ec000000)
  object space 42496K, 37% used [0x00000000c4000000,0x00000000c4f96cb0,0x00000000c6980000)
 Metaspace       used 28396K, capacity 28962K, committed 29184K, reserved 1075200K
  class space    used 3350K, capacity 3520K, committed 3584K, reserved 1048576K
Event: 31.208 GC heap after
Heap after GC invocations=10 (full 1):
 PSYoungGen      total 133632K, used 11761K [0x00000000ec000000, 0x00000000f8900000, 0x0000000100000000)
  eden space 121856K, 0% used [0x00000000ec000000,0x00000000ec000000,0x00000000f3700000)
  from space 11776K, 99% used [0x00000000f3700000,0x00000000f427c7f0,0x00000000f4280000)
  to   space 16896K, 0% used [0x00000000f7880000,0x00000000f7880000,0x00000000f8900000)
 ParOldGen       total 42496K, used 23939K [0x00000000c4000000, 0x00000000c6980000, 0x00000000ec000000)
  object space 42496K, 56% used [0x00000000c4000000,0x00000000c5760ee0,0x00000000c6980000)
 Metaspace       used 28396K, capacity 28962K, committed 29184K, reserved 1075200K
  class space    used 3350K, capacity 3520K, committed 3584K, reserved 1048576K
}
Event: 33.497 GC heap before
{Heap before GC invocations=11 (full 1):
 PSYoungGen      total 133632K, used 133617K [0x00000000ec000000, 0x00000000f8900000, 0x0000000100000000)
  eden space 121856K, 100% used [0x00000000ec000000,0x00000000f3700000,0x00000000f3700000)
  from space 11776K, 99% used [0x00000000f3700000,0x00000000f427c7f0,0x00000000f4280000)
  to   space 16896K, 0% used [0x00000000f7880000,0x00000000f7880000,0x00000000f8900000)
 ParOldGen       total 42496K, used 23939K [0x00000000c4000000, 0x00000000c6980000, 0x00000000ec000000)
  object space 42496K, 56% used [0x00000000c4000000,0x00000000c5760ee0,0x00000000c6980000)
 Metaspace       used 28418K, capacity 28966K, committed 29184K, reserved 1075200K
  class space    used 3351K, capacity 3520K, committed 3584K, reserved 1048576K
Event: 33.792 GC heap after
Heap after GC invocations=11 (full 1):
 PSYoungGen      total 182784K, used 16895K [0x00000000ec000000, 0x00000000f9d80000, 0x0000000100000000)
  eden space 165888K, 0% used [0x00000000ec000000,0x00000000ec000000,0x00000000f6200000)
  from space 16896K, 99% used [0x00000000f7880000,0x00000000f88ffd30,0x00000000f8900000)
  to   space 23040K, 0% used [0x00000000f6200000,0x00000000f6200000,0x00000000f7880000)
 ParOldGen       total 42496K, used 33632K [0x00000000c4000000, 0x00000000c6980000, 0x00000000ec000000)
  object space 42496K, 79% used [0x00000000c4000000,0x00000000c60d8030,0x00000000c6980000)
 Metaspace       used 28418K, capacity 28966K, committed 29184K, reserved 1075200K
  class space    used 3351K, capacity 3520K, committed 3584K, reserved 1048576K
}
Event: 33.792 GC heap before
{Heap before GC invocations=12 (full 2):
 PSYoungGen      total 182784K, used 16895K [0x00000000ec000000, 0x00000000f9d80000, 0x0000000100000000)
  eden space 165888K, 0% used [0x00000000ec000000,0x00000000ec000000,0x00000000f6200000)
  from space 16896K, 99% used [0x00000000f7880000,0x00000000f88ffd30,0x00000000f8900000)
  to   space 23040K, 0% used [0x00000000f6200000,0x00000000f6200000,0x00000000f7880000)
 ParOldGen       total 42496K, used 33632K [0x00000000c4000000, 0x00000000c6980000, 0x00000000ec000000)
  object space 42496K, 79% used [0x00000000c4000000,0x00000000c60d8030,0x00000000c6980000)
 Metaspace       used 28418K, capacity 28966K, committed 29184K, reserved 1075200K
  class space    used 3351K, capacity 3520K, committed 3584K, reserved 1048576K
Event: 34.061 GC heap after
Heap after GC invocations=12 (full 2):
 PSYoungGen      total 182784K, used 0K [0x00000000ec000000, 0x00000000f9d80000, 0x0000000100000000)
  eden space 165888K, 0% used [0x00000000ec000000,0x00000000ec000000,0x00000000f6200000)
  from space 16896K, 0% used [0x00000000f7880000,0x00000000f7880000,0x00000000f8900000)
  to   space 23040K, 0% used [0x00000000f6200000,0x00000000f6200000,0x00000000f7880000)
 ParOldGen       total 75776K, used 40145K [0x00000000c4000000, 0x00000000c8a00000, 0x00000000ec000000)
  object space 75776K, 52% used [0x00000000c4000000,0x00000000c6734540,0x00000000c8a00000)
 Metaspace       used 28418K, capacity 28966K, committed 29184K, reserved 1075200K
  class space    used 3351K, capacity 3520K, committed 3584K, reserved 1048576K
}
Event: 36.867 GC heap before
{Heap before GC invocations=13 (full 2):
 PSYoungGen      total 182784K, used 165888K [0x00000000ec000000, 0x00000000f9d80000, 0x0000000100000000)
  eden space 165888K, 100% used [0x00000000ec000000,0x00000000f6200000,0x00000000f6200000)
  from space 16896K, 0% used [0x00000000f7880000,0x00000000f7880000,0x00000000f8900000)
  to   space 23040K, 0% used [0x00000000f6200000,0x00000000f6200000,0x00000000f7880000)
 ParOldGen       total 75776K, used 40145K [0x00000000c4000000, 0x00000000c8a00000, 0x00000000ec000000)
  object space 75776K, 52% used [0x00000000c4000000,0x00000000c6734540,0x00000000c8a00000)
 Metaspace       used 28441K, capacity 29040K, committed 29184K, reserved 1075200K
  class space    used 3355K, capacity 3522K, committed 3584K, reserved 1048576K

