# JRE version: Java(TM) SE Runtime Environment (8.0_91-b14) (build 1.8.0_91-b14)
# Java VM: Java HotSpot(TM) 64-Bit Server VM (25.91-b14 mixed mode linux-amd64 compressed oops)
Heap:
 PSYoungGen      total 183296K, used 23016K [0x00000000ec000000, 0x00000000f9200000, 0x0000000100000000)
  eden space 160256K, 0% used [0x00000000ec000000,0x00000000ec000000,0x00000000f5c80000)
  from space 23040K, 99% used [0x00000000f5c80000,0x00000000f72fa138,0x00000000f7300000)
  to   space 16896K, 0% used [0x00000000f7300000,0x00000000f7300000,0x00000000f8380000)
 ParOldGen       total 46592K, used 46201K [0x00000000c4000000, 0x00000000c6d80000, 0x00000000ec000000)
  object space 46592K, 99% used [0x00000000c4000000,0x00000000c6d1e540,0x00000000c6d80000)
 Metaspace       used 28261K, capacity 28902K, committed 29184K, reserved 1075200K
  class space    used 3349K, capacity 3520K, committed 3584K, reserved 1048576K
GC Heap History (10 events):
Event: 12.040 GC heap after
Heap after GC invocations=7 (full 0):
 PSYoungGen      total 68608K, used 7161K [0x00000000ec000000, 0x00000000f4d00000, 0x0000000100000000)
  eden space 61440K, 0% used [0x00000000ec000000,0x00000000ec000000,0x00000000efc00000)
  from space 7168K, 99% used [0x00000000efc00000,0x00000000f02fe738,0x00000000f0300000)
  to   space 10752K, 0% used [0x00000000f4280000,0x00000000f4280000,0x00000000f4d00000)
 ParOldGen       total 40960K, used 13701K [0x00000000c4000000, 0x00000000c6800000, 0x00000000ec000000)
  object space 40960K, 33% used [0x00000000c4000000,0x00000000c4d615a0,0x00000000c6800000)
 Metaspace       used 20644K, capacity 21070K, committed 21296K, reserved 1069056K
  class space    used 2484K, capacity 2615K, committed 2688K, reserved 1048576K
}
Event: 12.327 GC heap before
{Heap before GC invocations=8 (full 0):
 PSYoungGen      total 68608K, used 18267K [0x00000000ec000000, 0x00000000f4d00000, 0x0000000100000000)
  eden space 61440K, 18% used [0x00000000ec000000,0x00000000ecad8558,0x00000000efc00000)
  from space 7168K, 99% used [0x00000000efc00000,0x00000000f02fe738,0x00000000f0300000)
  to   space 10752K, 0% used [0x00000000f4280000,0x00000000f4280000,0x00000000f4d00000)
 ParOldGen       total 40960K, used 13701K [0x00000000c4000000, 0x00000000c6800000, 0x00000000ec000000)
  object space 40960K, 33% used [0x00000000c4000000,0x00000000c4d615a0,0x00000000c6800000)
 Metaspace       used 20739K, capacity 21134K, committed 21296K, reserved 1069056K
  class space    used 2489K, capacity 2615K, committed 2688K, reserved 1048576K
Event: 12.417 GC heap after
Heap after GC invocations=8 (full 0):
 PSYoungGen      total 132608K, used 9528K [0x00000000ec000000, 0x00000000f4f00000, 0x0000000100000000)
  eden space 121856K, 0% used [0x00000000ec000000,0x00000000ec000000,0x00000000f3700000)
  from space 10752K, 88% used [0x00000000f4280000,0x00000000f4bce298,0x00000000f4d00000)
  to   space 11776K, 0% used [0x00000000f3700000,0x00000000f3700000,0x00000000f4280000)
 ParOldGen       total 40960K, used 14261K [0x00000000c4000000, 0x00000000c6800000, 0x00000000ec000000)
  object space 40960K, 34% used [0x00000000c4000000,0x00000000c4ded5b0,0x00000000c6800000)
 Metaspace       used 20739K, capacity 21134K, committed 21296K, reserved 1069056K
  class space    used 2489K, capacity 2615K, committed 2688K, reserved 1048576K
}
Event: 12.613 GC heap before
{Heap before GC invocations=9 (full 1):
 PSYoungGen      total 132608K, used 9528K [0x00000000ec000000, 0x00000000f4f00000, 0x0000000100000000)
  eden space 121856K, 0% used [0x00000000ec000000,0x00000000ec000000,0x00000000f3700000)
  from space 10752K, 88% used [0x00000000f4280000,0x00000000f4bce298,0x00000000f4d00000)
  to   space 11776K, 0% used [0x00000000f3700000,0x00000000f3700000,0x00000000f4280000)
 ParOldGen       total 40960K, used 14261K [0x00000000c4000000, 0x00000000c6800000, 0x00000000ec000000)
  object space 40960K, 34% used [0x00000000c4000000,0x00000000c4ded5b0,0x00000000c6800000)
 Metaspace       used 20739K, capacity 21134K, committed 21296K, reserved 1069056K
  class space    used 2489K, capacity 2615K, committed 2688K, reserved 1048576K
Event: 13.135 GC heap after
Heap after GC invocations=9 (full 1):
 PSYoungGen      total 132608K, used 0K [0x00000000ec000000, 0x00000000f4f00000, 0x0000000100000000)
  eden space 121856K, 0% used [0x00000000ec000000,0x00000000ec000000,0x00000000f3700000)
  from space 10752K, 0% used [0x00000000f4280000,0x00000000f4280000,0x00000000f4d00000)
  to   space 11776K, 0% used [0x00000000f3700000,0x00000000f3700000,0x00000000f4280000)
 ParOldGen       total 43520K, used 16327K [0x00000000c4000000, 0x00000000c6a80000, 0x00000000ec000000)
  object space 43520K, 37% used [0x00000000c4000000,0x00000000c4ff1c98,0x00000000c6a80000)
 Metaspace       used 20739K, capacity 21134K, committed 21296K, reserved 1069056K
  class space    used 2489K, capacity 2615K, committed 2688K, reserved 1048576K
}
Event: 19.043 GC heap before
{Heap before GC invocations=10 (full 1):
 PSYoungGen      total 132608K, used 121856K [0x00000000ec000000, 0x00000000f4f00000, 0x0000000100000000)
  eden space 121856K, 100% used [0x00000000ec000000,0x00000000f3700000,0x00000000f3700000)
  from space 10752K, 0% used [0x00000000f4280000,0x00000000f4280000,0x00000000f4d00000)
  to   space 11776K, 0% used [0x00000000f3700000,0x00000000f3700000,0x00000000f4280000)
 ParOldGen       total 43520K, used 16327K [0x00000000c4000000, 0x00000000c6a80000, 0x00000000ec000000)
  object space 43520K, 37% used [0x00000000c4000000,0x00000000c4ff1c98,0x00000000c6a80000)
 Metaspace       used 28220K, capacity 28834K, committed 28928K, reserved 1075200K
  class space    used 3347K, capacity 3520K, committed 3584K, reserved 1048576K
Event: 19.099 GC heap after
Heap after GC invocations=10 (full 1):
 PSYoungGen      total 133632K, used 11758K [0x00000000ec000000, 0x00000000f8380000, 0x0000000100000000)
  eden space 121856K, 0% used [0x00000000ec000000,0x00000000ec000000,0x00000000f3700000)
  from space 11776K, 99% used [0x00000000f3700000,0x00000000f427b898,0x00000000f4280000)
  to   space 16896K, 0% used [0x00000000f7300000,0x00000000f7300000,0x00000000f8380000)
 ParOldGen       total 43520K, used 24028K [0x00000000c4000000, 0x00000000c6a80000, 0x00000000ec000000)
  object space 43520K, 55% used [0x00000000c4000000,0x00000000c5777148,0x00000000c6a80000)
 Metaspace       used 28220K, capacity 28834K, committed 28928K, reserved 1075200K
  class space    used 3347K, capacity 3520K, committed 3584K, reserved 1048576K
}
Event: 20.161 GC heap before
{Heap before GC invocations=11 (full 1):
 PSYoungGen      total 133632K, used 133614K [0x00000000ec000000, 0x00000000f8380000, 0x0000000100000000)
  eden space 121856K, 100% used [0x00000000ec000000,0x00000000f3700000,0x00000000f3700000)
  from space 11776K, 99% used [0x00000000f3700000,0x00000000f427b898,0x00000000f4280000)
  to   space 16896K, 0% used [0x00000000f7300000,0x00000000f7300000,0x00000000f8380000)
 ParOldGen       total 43520K, used 24028K [0x00000000c4000000, 0x00000000c6a80000, 0x00000000ec000000)
  object space 43520K, 55% used [0x00000000c4000000,0x00000000c5777148,0x00000000c6a80000)
 Metaspace       used 28247K, capacity 28838K, committed 28928K, reserved 1075200K
  class space    used 3348K, capacity 3520K, committed 3584K, reserved 1048576K
Event: 20.285 GC heap after
Heap after GC invocations=11 (full 1):
 PSYoungGen      total 177152K, used 16871K [0x00000000ec000000, 0x00000000f9200000, 0x0000000100000000)
  eden space 160256K, 0% used [0x00000000ec000000,0x00000000ec000000,0x00000000f5c80000)
  from space 16896K, 99% used [0x00000000f7300000,0x00000000f8379d78,0x00000000f8380000)
  to   space 23040K, 0% used [0x00000000f5c80000,0x00000000f5c80000,0x00000000f7300000)
 ParOldGen       total 43520K, used 33702K [0x00000000c4000000, 0x00000000c6a80000, 0x00000000ec000000)
  object space 43520K, 77% used [0x00000000c4000000,0x00000000c60e99d0,0x00000000c6a80000)
 Metaspace       used 28247K, capacity 28838K, committed 28928K, reserved 1075200K
  class space    used 3348K, capacity 3520K, committed 3584K, reserved 1048576K
}
Event: 21.688 GC heap before
{Heap before GC invocations=12 (full 1):
 PSYoungGen      total 177152K, used 177127K [0x00000000ec000000, 0x00000000f9200000, 0x0000000100000000)
  eden space 160256K, 100% used [0x00000000ec000000,0x00000000f5c80000,0x00000000f5c80000)
  from space 16896K, 99% used [0x00000000f7300000,0x00000000f8379d78,0x00000000f8380000)
  to   space 23040K, 0% used [0x00000000f5c80000,0x00000000f5c80000,0x00000000f7300000)
 ParOldGen       total 43520K, used 33702K [0x00000000c4000000, 0x00000000c6a80000, 0x00000000ec000000)
  object space 43520K, 77% used [0x00000000c4000000,0x00000000c60e99d0,0x00000000c6a80000)
 Metaspace       used 28261K, capacity 28902K, committed 29184K, reserved 1075200K
  class space    used 3349K, capacity 3520K, committed 3584K, reserved 1048576K

