# JRE version: Java(TM) SE Runtime Environment (8.0_91-b14) (build 1.8.0_91-b14)
# Java VM: Java HotSpot(TM) 64-Bit Server VM (25.91-b14 mixed mode linux-amd64 compressed oops)
Heap:
 PSYoungGen      total 132096K, used 9187K [0x00000000ec000000, 0x00000000f4a00000, 0x0000000100000000)
  eden space 122880K, 0% used [0x00000000ec000000,0x00000000ec000000,0x00000000f3800000)
  from space 9216K, 99% used [0x00000000f3800000,0x00000000f40f8de8,0x00000000f4100000)
  to   space 8704K, 0% used [0x00000000f4180000,0x00000000f4180000,0x00000000f4a00000)
 ParOldGen       total 44544K, used 30972K [0x00000000c4000000, 0x00000000c6b80000, 0x00000000ec000000)
  object space 44544K, 69% used [0x00000000c4000000,0x00000000c5e3f0c8,0x00000000c6b80000)
 Metaspace       used 28569K, capacity 29154K, committed 29440K, reserved 1075200K
  class space    used 3348K, capacity 3520K, committed 3584K, reserved 1048576K
GC Heap History (10 events):
Event: 9.110 GC heap after
Heap after GC invocations=3 (full 0):
 PSYoungGen      total 33280K, used 2544K [0x00000000ec000000, 0x00000000f0100000, 0x0000000100000000)
  eden space 30720K, 0% used [0x00000000ec000000,0x00000000ec000000,0x00000000ede00000)
  from space 2560K, 99% used [0x00000000ede00000,0x00000000ee07c010,0x00000000ee080000)
  to   space 2560K, 0% used [0x00000000efe80000,0x00000000efe80000,0x00000000f0100000)
 ParOldGen       total 40960K, used 4773K [0x00000000c4000000, 0x00000000c6800000, 0x00000000ec000000)
  object space 40960K, 11% used [0x00000000c4000000,0x00000000c44a9478,0x00000000c6800000)
 Metaspace       used 11442K, capacity 11624K, committed 11776K, reserved 1058816K
  class space    used 1421K, capacity 1508K, committed 1536K, reserved 1048576K
}
Event: 14.130 GC heap before
{Heap before GC invocations=4 (full 0):
 PSYoungGen      total 33280K, used 33264K [0x00000000ec000000, 0x00000000f0100000, 0x0000000100000000)
  eden space 30720K, 100% used [0x00000000ec000000,0x00000000ede00000,0x00000000ede00000)
  from space 2560K, 99% used [0x00000000ede00000,0x00000000ee07c010,0x00000000ee080000)
  to   space 2560K, 0% used [0x00000000efe80000,0x00000000efe80000,0x00000000f0100000)
 ParOldGen       total 40960K, used 4773K [0x00000000c4000000, 0x00000000c6800000, 0x00000000ec000000)
  object space 40960K, 11% used [0x00000000c4000000,0x00000000c44a9478,0x00000000c6800000)
 Metaspace       used 14831K, capacity 15100K, committed 15232K, reserved 1062912K
  class space    used 1803K, capacity 1906K, committed 1920K, reserved 1048576K
Event: 14.332 GC heap after
Heap after GC invocations=4 (full 0):
 PSYoungGen      total 64000K, used 2544K [0x00000000ec000000, 0x00000000f0100000, 0x0000000100000000)
  eden space 61440K, 0% used [0x00000000ec000000,0x00000000ec000000,0x00000000efc00000)
  from space 2560K, 99% used [0x00000000efe80000,0x00000000f00fc010,0x00000000f0100000)
  to   space 2560K, 0% used [0x00000000efc00000,0x00000000efc00000,0x00000000efe80000)
 ParOldGen       total 40960K, used 9554K [0x00000000c4000000, 0x00000000c6800000, 0x00000000ec000000)
  object space 40960K, 23% used [0x00000000c4000000,0x00000000c4954998,0x00000000c6800000)
 Metaspace       used 14831K, capacity 15100K, committed 15232K, reserved 1062912K
  class space    used 1803K, capacity 1906K, committed 1920K, reserved 1048576K
}
Event: 21.303 GC heap before
{Heap before GC invocations=5 (full 0):
 PSYoungGen      total 64000K, used 63984K [0x00000000ec000000, 0x00000000f0100000, 0x0000000100000000)
  eden space 61440K, 100% used [0x00000000ec000000,0x00000000efc00000,0x00000000efc00000)
  from space 2560K, 99% used [0x00000000efe80000,0x00000000f00fc010,0x00000000f0100000)
  to   space 2560K, 0% used [0x00000000efc00000,0x00000000efc00000,0x00000000efe80000)
 ParOldGen       total 40960K, used 9554K [0x00000000c4000000, 0x00000000c6800000, 0x00000000ec000000)
  object space 40960K, 23% used [0x00000000c4000000,0x00000000c4954998,0x00000000c6800000)
 Metaspace       used 16288K, capacity 16676K, committed 16896K, reserved 1064960K
  class space    used 1922K, capacity 2022K, committed 2048K, reserved 1048576K
Event: 21.592 GC heap after
Heap after GC invocations=5 (full 0):
 PSYoungGen      total 64000K, used 2528K [0x00000000ec000000, 0x00000000f4b00000, 0x0000000100000000)
  eden space 61440K, 0% used [0x00000000ec000000,0x00000000ec000000,0x00000000efc00000)
  from space 2560K, 98% used [0x00000000efc00000,0x00000000efe78020,0x00000000efe80000)
  to   space 9728K, 0% used [0x00000000f4180000,0x00000000f4180000,0x00000000f4b00000)
 ParOldGen       total 40960K, used 13820K [0x00000000c4000000, 0x00000000c6800000, 0x00000000ec000000)
  object space 40960K, 33% used [0x00000000c4000000,0x00000000c4d7f398,0x00000000c6800000)
 Metaspace       used 16288K, capacity 16676K, committed 16896K, reserved 1064960K
  class space    used 1922K, capacity 2022K, committed 2048K, reserved 1048576K
}
Event: 25.520 GC heap before
{Heap before GC invocations=6 (full 0):
 PSYoungGen      total 64000K, used 30835K [0x00000000ec000000, 0x00000000f4b00000, 0x0000000100000000)
  eden space 61440K, 46% used [0x00000000ec000000,0x00000000edba4f18,0x00000000efc00000)
  from space 2560K, 98% used [0x00000000efc00000,0x00000000efe78020,0x00000000efe80000)
  to   space 9728K, 0% used [0x00000000f4180000,0x00000000f4180000,0x00000000f4b00000)
 ParOldGen       total 40960K, used 13820K [0x00000000c4000000, 0x00000000c6800000, 0x00000000ec000000)
  object space 40960K, 33% used [0x00000000c4000000,0x00000000c4d7f398,0x00000000c6800000)
 Metaspace       used 20735K, capacity 21134K, committed 21296K, reserved 1069056K
  class space    used 2481K, capacity 2615K, committed 2688K, reserved 1048576K
Event: 25.571 GC heap after
Heap after GC invocations=6 (full 0):
 PSYoungGen      total 131584K, used 5818K [0x00000000ec000000, 0x00000000f4a00000, 0x0000000100000000)
  eden space 122880K, 0% used [0x00000000ec000000,0x00000000ec000000,0x00000000f3800000)
  from space 8704K, 66% used [0x00000000f4180000,0x00000000f472ebb0,0x00000000f4a00000)
  to   space 9216K, 0% used [0x00000000f3800000,0x00000000f3800000,0x00000000f4100000)
 ParOldGen       total 40960K, used 13828K [0x00000000c4000000, 0x00000000c6800000, 0x00000000ec000000)
  object space 40960K, 33% used [0x00000000c4000000,0x00000000c4d81398,0x00000000c6800000)
 Metaspace       used 20735K, capacity 21134K, committed 21296K, reserved 1069056K
  class space    used 2481K, capacity 2615K, committed 2688K, reserved 1048576K
}
Event: 25.572 GC heap before
{Heap before GC invocations=7 (full 1):
 PSYoungGen      total 131584K, used 5818K [0x00000000ec000000, 0x00000000f4a00000, 0x0000000100000000)
  eden space 122880K, 0% used [0x00000000ec000000,0x00000000ec000000,0x00000000f3800000)
  from space 8704K, 66% used [0x00000000f4180000,0x00000000f472ebb0,0x00000000f4a00000)
  to   space 9216K, 0% used [0x00000000f3800000,0x00000000f3800000,0x00000000f4100000)
 ParOldGen       total 40960K, used 13828K [0x00000000c4000000, 0x00000000c6800000, 0x00000000ec000000)
  object space 40960K, 33% used [0x00000000c4000000,0x00000000c4d81398,0x00000000c6800000)
 Metaspace       used 20735K, capacity 21134K, committed 21296K, reserved 1069056K
  class space    used 2481K, capacity 2615K, committed 2688K, reserved 1048576K
Event: 25.994 GC heap after
Heap after GC invocations=7 (full 1):
 PSYoungGen      total 131584K, used 0K [0x00000000ec000000, 0x00000000f4a00000, 0x0000000100000000)
  eden space 122880K, 0% used [0x00000000ec000000,0x00000000ec000000,0x00000000f3800000)
  from space 8704K, 0% used [0x00000000f4180000,0x00000000f4180000,0x00000000f4a00000)
  to   space 9216K, 0% used [0x00000000f3800000,0x00000000f3800000,0x00000000f4100000)
 ParOldGen       total 44544K, used 17664K [0x00000000c4000000, 0x00000000c6b80000, 0x00000000ec000000)
  object space 44544K, 39% used [0x00000000c4000000,0x00000000c51400a0,0x00000000c6b80000)
 Metaspace       used 20735K, capacity 21134K, committed 21296K, reserved 1069056K
  class space    used 2481K, capacity 2615K, committed 2688K, reserved 1048576K
}
Event: 37.031 GC heap before
{Heap before GC invocations=8 (full 1):
 PSYoungGen      total 131584K, used 122880K [0x00000000ec000000, 0x00000000f4a00000, 0x0000000100000000)
  eden space 122880K, 100% used [0x00000000ec000000,0x00000000f3800000,0x00000000f3800000)
  from space 8704K, 0% used [0x00000000f4180000,0x00000000f4180000,0x00000000f4a00000)
  to   space 9216K, 0% used [0x00000000f3800000,0x00000000f3800000,0x00000000f4100000)
 ParOldGen       total 44544K, used 17664K [0x00000000c4000000, 0x00000000c6b80000, 0x00000000ec000000)
  object space 44544K, 39% used [0x00000000c4000000,0x00000000c51400a0,0x00000000c6b80000)
 Metaspace       used 28569K, capacity 29154K, committed 29440K, reserved 1075200K
  class space    used 3348K, capacity 3520K, committed 3584K, reserved 1048576K

