# JRE version: Java(TM) SE Runtime Environment (8.0_91-b14) (build 1.8.0_91-b14)
# Java VM: Java HotSpot(TM) 64-Bit Server VM (25.91-b14 mixed mode linux-amd64 compressed oops)
Heap:
 PSYoungGen      total 132096K, used 12782K [0x00000000ec000000, 0x00000000f5100000, 0x0000000100000000)
  eden space 119296K, 0% used [0x00000000ec000000,0x00000000ec000000,0x00000000f3480000)
  from space 12800K, 99% used [0x00000000f3480000,0x00000000f40fbb68,0x00000000f4100000)
  to   space 9216K, 0% used [0x00000000f4100000,0x00000000f4100000,0x00000000f4a00000)
 ParOldGen       total 45056K, used 26150K [0x00000000c4000000, 0x00000000c6c00000, 0x00000000ec000000)
  object space 45056K, 58% used [0x00000000c4000000,0x00000000c5989b40,0x00000000c6c00000)
 Metaspace       used 28378K, capacity 28968K, committed 29184K, reserved 1075200K
  class space    used 3337K, capacity 3521K, committed 3584K, reserved 1048576K
GC Heap History (10 events):
Event: 11.035 GC heap after
Heap after GC invocations=5 (full 0):
 PSYoungGen      total 33280K, used 2544K [0x00000000ec000000, 0x00000000f0a00000, 0x0000000100000000)
  eden space 30720K, 0% used [0x00000000ec000000,0x00000000ec000000,0x00000000ede00000)
  from space 2560K, 99% used [0x00000000ede00000,0x00000000ee07c010,0x00000000ee080000)
  to   space 7168K, 0% used [0x00000000f0300000,0x00000000f0300000,0x00000000f0a00000)
 ParOldGen       total 40960K, used 8754K [0x00000000c4000000, 0x00000000c6800000, 0x00000000ec000000)
  object space 40960K, 21% used [0x00000000c4000000,0x00000000c488c908,0x00000000c6800000)
 Metaspace       used 14816K, capacity 15036K, committed 15232K, reserved 1062912K
  class space    used 1801K, capacity 1906K, committed 1920K, reserved 1048576K
}
Event: 13.962 GC heap before
{Heap before GC invocations=6 (full 0):
 PSYoungGen      total 33280K, used 33264K [0x00000000ec000000, 0x00000000f0a00000, 0x0000000100000000)
  eden space 30720K, 100% used [0x00000000ec000000,0x00000000ede00000,0x00000000ede00000)
  from space 2560K, 99% used [0x00000000ede00000,0x00000000ee07c010,0x00000000ee080000)
  to   space 7168K, 0% used [0x00000000f0300000,0x00000000f0300000,0x00000000f0a00000)
 ParOldGen       total 40960K, used 8754K [0x00000000c4000000, 0x00000000c6800000, 0x00000000ec000000)
  object space 40960K, 21% used [0x00000000c4000000,0x00000000c488c908,0x00000000c6800000)
 Metaspace       used 15550K, capacity 15864K, committed 16128K, reserved 1062912K
  class space    used 1877K, capacity 1984K, committed 2048K, reserved 1048576K
Event: 14.001 GC heap after
Heap after GC invocations=6 (full 0):
 PSYoungGen      total 68608K, used 4848K [0x00000000ec000000, 0x00000000f0a00000, 0x0000000100000000)
  eden space 61440K, 0% used [0x00000000ec000000,0x00000000ec000000,0x00000000efc00000)
  from space 7168K, 67% used [0x00000000f0300000,0x00000000f07bc010,0x00000000f0a00000)
  to   space 7168K, 0% used [0x00000000efc00000,0x00000000efc00000,0x00000000f0300000)
 ParOldGen       total 40960K, used 8754K [0x00000000c4000000, 0x00000000c6800000, 0x00000000ec000000)
  object space 40960K, 21% used [0x00000000c4000000,0x00000000c488c908,0x00000000c6800000)
 Metaspace       used 15550K, capacity 15864K, committed 16128K, reserved 1062912K
  class space    used 1877K, capacity 1984K, committed 2048K, reserved 1048576K
}
Event: 18.913 GC heap before
{Heap before GC invocations=7 (full 0):
 PSYoungGen      total 68608K, used 66288K [0x00000000ec000000, 0x00000000f0a00000, 0x0000000100000000)
  eden space 61440K, 100% used [0x00000000ec000000,0x00000000efc00000,0x00000000efc00000)
  from space 7168K, 67% used [0x00000000f0300000,0x00000000f07bc010,0x00000000f0a00000)
  to   space 7168K, 0% used [0x00000000efc00000,0x00000000efc00000,0x00000000f0300000)
 ParOldGen       total 40960K, used 8754K [0x00000000c4000000, 0x00000000c6800000, 0x00000000ec000000)
  object space 40960K, 21% used [0x00000000c4000000,0x00000000c488c908,0x00000000c6800000)
 Metaspace       used 20033K, capacity 20404K, committed 20480K, reserved 1067008K
  class space    used 2411K, capacity 2520K, committed 2560K, reserved 1048576K
Event: 19.145 GC heap after
Heap after GC invocations=7 (full 0):
 PSYoungGen      total 68608K, used 7154K [0x00000000ec000000, 0x00000000f4a00000, 0x0000000100000000)
  eden space 61440K, 0% used [0x00000000ec000000,0x00000000ec000000,0x00000000efc00000)
  from space 7168K, 99% used [0x00000000efc00000,0x00000000f02fcb90,0x00000000f0300000)
  to   space 9216K, 0% used [0x00000000f4100000,0x00000000f4100000,0x00000000f4a00000)
 ParOldGen       total 40960K, used 10211K [0x00000000c4000000, 0x00000000c6800000, 0x00000000ec000000)
  object space 40960K, 24% used [0x00000000c4000000,0x00000000c49f8f68,0x00000000c6800000)
 Metaspace       used 20033K, capacity 20404K, committed 20480K, reserved 1067008K
  class space    used 2411K, capacity 2520K, committed 2560K, reserved 1048576K
}
Event: 20.525 GC heap before
{Heap before GC invocations=8 (full 0):
 PSYoungGen      total 68608K, used 25420K [0x00000000ec000000, 0x00000000f4a00000, 0x0000000100000000)
  eden space 61440K, 29% used [0x00000000ec000000,0x00000000ed1d67b8,0x00000000efc00000)
  from space 7168K, 99% used [0x00000000efc00000,0x00000000f02fcb90,0x00000000f0300000)
  to   space 9216K, 0% used [0x00000000f4100000,0x00000000f4100000,0x00000000f4a00000)
 ParOldGen       total 40960K, used 10211K [0x00000000c4000000, 0x00000000c6800000, 0x00000000ec000000)
  object space 40960K, 24% used [0x00000000c4000000,0x00000000c49f8f68,0x00000000c6800000)
 Metaspace       used 20756K, capacity 21140K, committed 21296K, reserved 1069056K
  class space    used 2487K, capacity 2616K, committed 2688K, reserved 1048576K
Event: 20.669 GC heap after
Heap after GC invocations=8 (full 0):
 PSYoungGen      total 128512K, used 9212K [0x00000000ec000000, 0x00000000f5100000, 0x0000000100000000)
  eden space 119296K, 0% used [0x00000000ec000000,0x00000000ec000000,0x00000000f3480000)
  from space 9216K, 99% used [0x00000000f4100000,0x00000000f49ff338,0x00000000f4a00000)
  to   space 12800K, 0% used [0x00000000f3480000,0x00000000f3480000,0x00000000f4100000)
 ParOldGen       total 40960K, used 15960K [0x00000000c4000000, 0x00000000c6800000, 0x00000000ec000000)
  object space 40960K, 38% used [0x00000000c4000000,0x00000000c4f961d0,0x00000000c6800000)
 Metaspace       used 20756K, capacity 21140K, committed 21296K, reserved 1069056K
  class space    used 2487K, capacity 2616K, committed 2688K, reserved 1048576K
}
Event: 20.669 GC heap before
{Heap before GC invocations=9 (full 1):
 PSYoungGen      total 128512K, used 9212K [0x00000000ec000000, 0x00000000f5100000, 0x0000000100000000)
  eden space 119296K, 0% used [0x00000000ec000000,0x00000000ec000000,0x00000000f3480000)
  from space 9216K, 99% used [0x00000000f4100000,0x00000000f49ff338,0x00000000f4a00000)
  to   space 12800K, 0% used [0x00000000f3480000,0x00000000f3480000,0x00000000f4100000)
 ParOldGen       total 40960K, used 15960K [0x00000000c4000000, 0x00000000c6800000, 0x00000000ec000000)
  object space 40960K, 38% used [0x00000000c4000000,0x00000000c4f961d0,0x00000000c6800000)
 Metaspace       used 20756K, capacity 21140K, committed 21296K, reserved 1069056K
  class space    used 2487K, capacity 2616K, committed 2688K, reserved 1048576K
Event: 21.008 GC heap after
Heap after GC invocations=9 (full 1):
 PSYoungGen      total 128512K, used 0K [0x00000000ec000000, 0x00000000f5100000, 0x0000000100000000)
  eden space 119296K, 0% used [0x00000000ec000000,0x00000000ec000000,0x00000000f3480000)
  from space 9216K, 0% used [0x00000000f4100000,0x00000000f4100000,0x00000000f4a00000)
  to   space 12800K, 0% used [0x00000000f3480000,0x00000000f3480000,0x00000000f4100000)
 ParOldGen       total 45056K, used 19957K [0x00000000c4000000, 0x00000000c6c00000, 0x00000000ec000000)
  object space 45056K, 44% used [0x00000000c4000000,0x00000000c537d7c0,0x00000000c6c00000)
 Metaspace       used 20756K, capacity 21140K, committed 21296K, reserved 1069056K
  class space    used 2487K, capacity 2616K, committed 2688K, reserved 1048576K
}
Event: 30.967 GC heap before
{Heap before GC invocations=10 (full 1):
 PSYoungGen      total 128512K, used 119296K [0x00000000ec000000, 0x00000000f5100000, 0x0000000100000000)
  eden space 119296K, 100% used [0x00000000ec000000,0x00000000f3480000,0x00000000f3480000)
  from space 9216K, 0% used [0x00000000f4100000,0x00000000f4100000,0x00000000f4a00000)
  to   space 12800K, 0% used [0x00000000f3480000,0x00000000f3480000,0x00000000f4100000)
 ParOldGen       total 45056K, used 19957K [0x00000000c4000000, 0x00000000c6c00000, 0x00000000ec000000)
  object space 45056K, 44% used [0x00000000c4000000,0x00000000c537d7c0,0x00000000c6c00000)
 Metaspace       used 28378K, capacity 28968K, committed 29184K, reserved 1075200K
  class space    used 3337K, capacity 3521K, committed 3584K, reserved 1048576K

